{"numTotalTestSuites":6,"numPassedTestSuites":6,"numFailedTestSuites":0,"numPendingTestSuites":0,"numTotalTests":4,"numPassedTests":4,"numFailedTests":0,"numPendingTests":0,"numTodoTests":0,"snapshot":{"added":0,"failure":false,"filesAdded":0,"filesRemoved":0,"filesRemovedList":[],"filesUnmatched":0,"filesUpdated":0,"matched":0,"total":0,"unchecked":0,"uncheckedKeysByFile":[],"unmatched":0,"updated":0,"didUpdate":false},"startTime":1761137538596,"success":true,"testResults":[{"assertionResults":[{"ancestorTitles":["socket server"],"fullName":"socket server responds to ping with pong on /admin","status":"passed","title":"responds to ping with pong on /admin","duration":37.159959999999955,"failureMessages":[],"meta":{}}],"startTime":1761137539728,"endTime":1761137539765.16,"status":"passed","message":"","name":"/home/soufiane/Bureau/gestion restaurant/test/socket.spec.ts"},{"assertionResults":[{"ancestorTitles":["Socket.IO Namespaces"],"fullName":"Socket.IO Namespaces should connect to /admin namespace","status":"passed","title":"should connect to /admin namespace","duration":12.484035999999833,"failureMessages":[],"meta":{}},{"ancestorTitles":["Socket.IO Namespaces"],"fullName":"Socket.IO Namespaces should handle ping/pong","status":"passed","title":"should handle ping/pong","duration":1.3008060000001933,"failureMessages":[],"meta":{}}],"startTime":1761137539704,"endTime":1761137539718.3008,"status":"passed","message":"","name":"/home/soufiane/Bureau/gestion restaurant/tests/socket/connection.test.ts"},{"assertionResults":[{"ancestorTitles":["Button"],"fullName":"Button renders children","status":"passed","title":"renders children","duration":31.43180300000006,"failureMessages":[],"meta":{}}],"startTime":1761137539620,"endTime":1761137539651.432,"status":"passed","message":"","name":"/home/soufiane/Bureau/gestion restaurant/tests/unit/Button.test.tsx"}]}
